# JRE version: OpenJDK Runtime Environment Temurin-21.0.8+9 (21.0.8+9) (build 21.0.8+9-LTS)
# Java VM: OpenJDK 64-Bit Server VM Temurin-21.0.8+9 (21.0.8+9-LTS, mixed mode, sharing, tiered, compressed oops, compressed class ptrs, parallel gc, windows-amd64)
GC Precious Log:
 CardTable entry size: 512
 CPUs: 12 total, 12 available
 Memory: 3405M
 Large Page Support: Disabled
 NUMA Support: Disabled
 Compressed Oops: Enabled (32-bit)
 Alignments: Space 512K, Generation 512K, Heap 2M
 Heap Min Capacity: 100M
 Heap Initial Capacity: 100M
 Heap Max Capacity: 2G
 Pre-touch: Disabled
 Parallel Workers: 10
Heap:
 PSYoungGen      total 5632K, used 4816K [0x00000000d5580000, 0x00000000d5c00000, 0x0000000100000000)
  eden space 4608K, 89% used [0x00000000d5580000,0x00000000d598c0d0,0x00000000d5a00000)
  from space 1024K, 65% used [0x00000000d5a00000,0x00000000d5aa8000,0x00000000d5b00000)
  to   space 1024K, 0% used [0x00000000d5b00000,0x00000000d5b00000,0x00000000d5c00000)
 ParOldGen       total 488960K, used 284942K [0x0000000080000000, 0x000000009dd80000, 0x00000000d5580000)
  object space 488960K, 58% used [0x0000000080000000,0x0000000091643978,0x000000009dd80000)
 Metaspace       used 65184K, committed 66560K, reserved 1114112K
  class space    used 6852K, committed 7488K, reserved 1048576K
GC Heap History (20 events):
Event: 76.851 GC heap before
{Heap before GC invocations=608 (full 3):
 PSYoungGen      total 5632K, used 5603K [0x00000000d5580000, 0x00000000d5f00000, 0x0000000100000000)
  eden space 4608K, 99% used [0x00000000d5580000,0x00000000d59fd658,0x00000000d5a00000)
  from space 1024K, 98% used [0x00000000d5c00000,0x00000000d5cfb660,0x00000000d5d00000)
  to   space 2048K, 0% used [0x00000000d5a00000,0x00000000d5a00000,0x00000000d5c00000)
 ParOldGen       total 488960K, used 277531K [0x0000000080000000, 0x000000009dd80000, 0x00000000d5580000)
  object space 488960K, 56% used [0x0000000080000000,0x0000000090f06c10,0x000000009dd80000)
 Metaspace       used 64965K, committed 66368K, reserved 1114112K
  class space    used 6843K, committed 7488K, reserved 1048576K
}
Event: 76.859 GC heap after
{Heap after GC invocations=608 (full 3):
 PSYoungGen      total 5632K, used 672K [0x00000000d5580000, 0x00000000d5c80000, 0x0000000100000000)
  eden space 4608K, 0% used [0x00000000d5580000,0x00000000d5580000,0x00000000d5a00000)
  from space 1024K, 65% used [0x00000000d5a00000,0x00000000d5aa8000,0x00000000d5b00000)
  to   space 1024K, 0% used [0x00000000d5b80000,0x00000000d5b80000,0x00000000d5c80000)
 ParOldGen       total 488960K, used 278366K [0x0000000080000000, 0x000000009dd80000, 0x00000000d5580000)
  object space 488960K, 56% used [0x0000000080000000,0x0000000090fd78e0,0x000000009dd80000)
 Metaspace       used 64965K, committed 66368K, reserved 1114112K
  class space    used 6843K, committed 7488K, reserved 1048576K
}
Event: 77.143 GC heap before
{Heap before GC invocations=609 (full 3):
 PSYoungGen      total 5632K, used 5280K [0x00000000d5580000, 0x00000000d5c80000, 0x0000000100000000)
  eden space 4608K, 100% used [0x00000000d5580000,0x00000000d5a00000,0x00000000d5a00000)
  from space 1024K, 65% used [0x00000000d5a00000,0x00000000d5aa8000,0x00000000d5b00000)
  to   space 1024K, 0% used [0x00000000d5b80000,0x00000000d5b80000,0x00000000d5c80000)
 ParOldGen       total 488960K, used 278366K [0x0000000080000000, 0x000000009dd80000, 0x00000000d5580000)
  object space 488960K, 56% used [0x0000000080000000,0x0000000090fd78e0,0x000000009dd80000)
 Metaspace       used 64977K, committed 66368K, reserved 1114112K
  class space    used 6843K, committed 7488K, reserved 1048576K
}
Event: 77.148 GC heap after
{Heap after GC invocations=609 (full 3):
 PSYoungGen      total 5632K, used 672K [0x00000000d5580000, 0x00000000d5c80000, 0x0000000100000000)
  eden space 4608K, 0% used [0x00000000d5580000,0x00000000d5580000,0x00000000d5a00000)
  from space 1024K, 65% used [0x00000000d5b80000,0x00000000d5c28000,0x00000000d5c80000)
  to   space 1024K, 0% used [0x00000000d5a00000,0x00000000d5a00000,0x00000000d5b00000)
 ParOldGen       total 488960K, used 278918K [0x0000000080000000, 0x000000009dd80000, 0x00000000d5580000)
  object space 488960K, 57% used [0x0000000080000000,0x00000000910618e0,0x000000009dd80000)
 Metaspace       used 64977K, committed 66368K, reserved 1114112K
  class space    used 6843K, committed 7488K, reserved 1048576K
}
Event: 77.770 GC heap before
{Heap before GC invocations=610 (full 3):
 PSYoungGen      total 5632K, used 5280K [0x00000000d5580000, 0x00000000d5c80000, 0x0000000100000000)
  eden space 4608K, 100% used [0x00000000d5580000,0x00000000d5a00000,0x00000000d5a00000)
  from space 1024K, 65% used [0x00000000d5b80000,0x00000000d5c28000,0x00000000d5c80000)
  to   space 1024K, 0% used [0x00000000d5a00000,0x00000000d5a00000,0x00000000d5b00000)
 ParOldGen       total 488960K, used 278918K [0x0000000080000000, 0x000000009dd80000, 0x00000000d5580000)
  object space 488960K, 57% used [0x0000000080000000,0x00000000910618e0,0x000000009dd80000)
 Metaspace       used 64997K, committed 66432K, reserved 1114112K
  class space    used 6844K, committed 7488K, reserved 1048576K
}
Event: 77.778 GC heap after
{Heap after GC invocations=610 (full 3):
 PSYoungGen      total 5632K, used 672K [0x00000000d5580000, 0x00000000d5c00000, 0x0000000100000000)
  eden space 4608K, 0% used [0x00000000d5580000,0x00000000d5580000,0x00000000d5a00000)
  from space 1024K, 65% used [0x00000000d5a00000,0x00000000d5aa8010,0x00000000d5b00000)
  to   space 1024K, 0% used [0x00000000d5b00000,0x00000000d5b00000,0x00000000d5c00000)
 ParOldGen       total 488960K, used 279498K [0x0000000080000000, 0x000000009dd80000, 0x00000000d5580000)
  object space 488960K, 57% used [0x0000000080000000,0x00000000910f28f0,0x000000009dd80000)
 Metaspace       used 64997K, committed 66432K, reserved 1114112K
  class space    used 6844K, committed 7488K, reserved 1048576K
}
Event: 77.914 GC heap before
{Heap before GC invocations=611 (full 3):
 PSYoungGen      total 5632K, used 5280K [0x00000000d5580000, 0x00000000d5c00000, 0x0000000100000000)
  eden space 4608K, 100% used [0x00000000d5580000,0x00000000d5a00000,0x00000000d5a00000)
  from space 1024K, 65% used [0x00000000d5a00000,0x00000000d5aa8010,0x00000000d5b00000)
  to   space 1024K, 0% used [0x00000000d5b00000,0x00000000d5b00000,0x00000000d5c00000)
 ParOldGen       total 488960K, used 279498K [0x0000000080000000, 0x000000009dd80000, 0x00000000d5580000)
  object space 488960K, 57% used [0x0000000080000000,0x00000000910f28f0,0x000000009dd80000)
 Metaspace       used 65008K, committed 66432K, reserved 1114112K
  class space    used 6844K, committed 7488K, reserved 1048576K
}
Event: 77.923 GC heap after
{Heap after GC invocations=611 (full 3):
 PSYoungGen      total 5632K, used 640K [0x00000000d5580000, 0x00000000d5c00000, 0x0000000100000000)
  eden space 4608K, 0% used [0x00000000d5580000,0x00000000d5580000,0x00000000d5a00000)
  from space 1024K, 62% used [0x00000000d5b00000,0x00000000d5ba0000,0x00000000d5c00000)
  to   space 1024K, 0% used [0x00000000d5a00000,0x00000000d5a00000,0x00000000d5b00000)
 ParOldGen       total 488960K, used 280075K [0x0000000080000000, 0x000000009dd80000, 0x00000000d5580000)
  object space 488960K, 57% used [0x0000000080000000,0x0000000091182d00,0x000000009dd80000)
 Metaspace       used 65008K, committed 66432K, reserved 1114112K
  class space    used 6844K, committed 7488K, reserved 1048576K
}
Event: 78.359 GC heap before
{Heap before GC invocations=612 (full 3):
 PSYoungGen      total 5632K, used 5248K [0x00000000d5580000, 0x00000000d5c00000, 0x0000000100000000)
  eden space 4608K, 100% used [0x00000000d5580000,0x00000000d5a00000,0x00000000d5a00000)
  from space 1024K, 62% used [0x00000000d5b00000,0x00000000d5ba0000,0x00000000d5c00000)
  to   space 1024K, 0% used [0x00000000d5a00000,0x00000000d5a00000,0x00000000d5b00000)
 ParOldGen       total 488960K, used 280075K [0x0000000080000000, 0x000000009dd80000, 0x00000000d5580000)
  object space 488960K, 57% used [0x0000000080000000,0x0000000091182d00,0x000000009dd80000)
 Metaspace       used 65031K, committed 66432K, reserved 1114112K
  class space    used 6845K, committed 7488K, reserved 1048576K
}
Event: 78.366 GC heap after
{Heap after GC invocations=612 (full 3):
 PSYoungGen      total 5632K, used 656K [0x00000000d5580000, 0x00000000d5c00000, 0x0000000100000000)
  eden space 4608K, 0% used [0x00000000d5580000,0x00000000d5580000,0x00000000d5a00000)
  from space 1024K, 64% used [0x00000000d5a00000,0x00000000d5aa4010,0x00000000d5b00000)
  to   space 1024K, 0% used [0x00000000d5b00000,0x00000000d5b00000,0x00000000d5c00000)
 ParOldGen       total 488960K, used 280571K [0x0000000080000000, 0x000000009dd80000, 0x00000000d5580000)
  object space 488960K, 57% used [0x0000000080000000,0x00000000911fed00,0x000000009dd80000)
 Metaspace       used 65031K, committed 66432K, reserved 1114112K
  class space    used 6845K, committed 7488K, reserved 1048576K
}
Event: 78.676 GC heap before
{Heap before GC invocations=613 (full 3):
 PSYoungGen      total 5632K, used 5264K [0x00000000d5580000, 0x00000000d5c00000, 0x0000000100000000)
  eden space 4608K, 100% used [0x00000000d5580000,0x00000000d5a00000,0x00000000d5a00000)
  from space 1024K, 64% used [0x00000000d5a00000,0x00000000d5aa4010,0x00000000d5b00000)
  to   space 1024K, 0% used [0x00000000d5b00000,0x00000000d5b00000,0x00000000d5c00000)
 ParOldGen       total 488960K, used 280571K [0x0000000080000000, 0x000000009dd80000, 0x00000000d5580000)
  object space 488960K, 57% used [0x0000000080000000,0x00000000911fed00,0x000000009dd80000)
 Metaspace       used 65078K, committed 66496K, reserved 1114112K
  class space    used 6847K, committed 7488K, reserved 1048576K
}
Event: 78.686 GC heap after
{Heap after GC invocations=613 (full 3):
 PSYoungGen      total 5632K, used 701K [0x00000000d5580000, 0x00000000d5c00000, 0x0000000100000000)
  eden space 4608K, 0% used [0x00000000d5580000,0x00000000d5580000,0x00000000d5a00000)
  from space 1024K, 68% used [0x00000000d5b00000,0x00000000d5baf608,0x00000000d5c00000)
  to   space 1024K, 0% used [0x00000000d5a00000,0x00000000d5a00000,0x00000000d5b00000)
 ParOldGen       total 488960K, used 281107K [0x0000000080000000, 0x000000009dd80000, 0x00000000d5580000)
  object space 488960K, 57% used [0x0000000080000000,0x0000000091284d00,0x000000009dd80000)
 Metaspace       used 65078K, committed 66496K, reserved 1114112K
  class space    used 6847K, committed 7488K, reserved 1048576K
}
Event: 78.794 GC heap before
{Heap before GC invocations=614 (full 3):
 PSYoungGen      total 5632K, used 5309K [0x00000000d5580000, 0x00000000d5c00000, 0x0000000100000000)
  eden space 4608K, 100% used [0x00000000d5580000,0x00000000d5a00000,0x00000000d5a00000)
  from space 1024K, 68% used [0x00000000d5b00000,0x00000000d5baf608,0x00000000d5c00000)
  to   space 1024K, 0% used [0x00000000d5a00000,0x00000000d5a00000,0x00000000d5b00000)
 ParOldGen       total 488960K, used 281107K [0x0000000080000000, 0x000000009dd80000, 0x00000000d5580000)
  object space 488960K, 57% used [0x0000000080000000,0x0000000091284d00,0x000000009dd80000)
 Metaspace       used 65112K, committed 66496K, reserved 1114112K
  class space    used 6851K, committed 7488K, reserved 1048576K
}
Event: 78.800 GC heap after
{Heap after GC invocations=614 (full 3):
 PSYoungGen      total 5632K, used 830K [0x00000000d5580000, 0x00000000d5c00000, 0x0000000100000000)
  eden space 4608K, 0% used [0x00000000d5580000,0x00000000d5580000,0x00000000d5a00000)
  from space 1024K, 81% used [0x00000000d5a00000,0x00000000d5acfb18,0x00000000d5b00000)
  to   space 1024K, 0% used [0x00000000d5b00000,0x00000000d5b00000,0x00000000d5c00000)
 ParOldGen       total 488960K, used 281563K [0x0000000080000000, 0x000000009dd80000, 0x00000000d5580000)
  object space 488960K, 57% used [0x0000000080000000,0x00000000912f6d00,0x000000009dd80000)
 Metaspace       used 65112K, committed 66496K, reserved 1114112K
  class space    used 6851K, committed 7488K, reserved 1048576K
}
Event: 78.938 GC heap before
{Heap before GC invocations=615 (full 3):
 PSYoungGen      total 5632K, used 5438K [0x00000000d5580000, 0x00000000d5c00000, 0x0000000100000000)
  eden space 4608K, 100% used [0x00000000d5580000,0x00000000d5a00000,0x00000000d5a00000)
  from space 1024K, 81% used [0x00000000d5a00000,0x00000000d5acfb18,0x00000000d5b00000)
  to   space 1024K, 0% used [0x00000000d5b00000,0x00000000d5b00000,0x00000000d5c00000)
 ParOldGen       total 488960K, used 281563K [0x0000000080000000, 0x000000009dd80000, 0x00000000d5580000)
  object space 488960K, 57% used [0x0000000080000000,0x00000000912f6d00,0x000000009dd80000)
 Metaspace       used 65182K, committed 66560K, reserved 1114112K
  class space    used 6852K, committed 7488K, reserved 1048576K
}
Event: 78.961 GC heap after
{Heap after GC invocations=615 (full 3):
 PSYoungGen      total 5632K, used 640K [0x00000000d5580000, 0x00000000d5c00000, 0x0000000100000000)
  eden space 4608K, 0% used [0x00000000d5580000,0x00000000d5580000,0x00000000d5a00000)
  from space 1024K, 62% used [0x00000000d5b00000,0x00000000d5ba0000,0x00000000d5c00000)
  to   space 1024K, 0% used [0x00000000d5a00000,0x00000000d5a00000,0x00000000d5b00000)
 ParOldGen       total 488960K, used 282027K [0x0000000080000000, 0x000000009dd80000, 0x00000000d5580000)
  object space 488960K, 57% used [0x0000000080000000,0x000000009136ad00,0x000000009dd80000)
 Metaspace       used 65182K, committed 66560K, reserved 1114112K
  class space    used 6852K, committed 7488K, reserved 1048576K
}
Event: 79.287 GC heap before
{Heap before GC invocations=616 (full 3):
 PSYoungGen      total 5632K, used 5248K [0x00000000d5580000, 0x00000000d5c00000, 0x0000000100000000)
  eden space 4608K, 100% used [0x00000000d5580000,0x00000000d5a00000,0x00000000d5a00000)
  from space 1024K, 62% used [0x00000000d5b00000,0x00000000d5ba0000,0x00000000d5c00000)
  to   space 1024K, 0% used [0x00000000d5a00000,0x00000000d5a00000,0x00000000d5b00000)
 ParOldGen       total 488960K, used 282027K [0x0000000080000000, 0x000000009dd80000, 0x00000000d5580000)
  object space 488960K, 57% used [0x0000000080000000,0x000000009136ad00,0x000000009dd80000)
 Metaspace       used 65182K, committed 66560K, reserved 1114112K
  class space    used 6852K, committed 7488K, reserved 1048576K
}
Event: 79.445 GC heap after
{Heap after GC invocations=616 (full 3):
 PSYoungGen      total 5632K, used 736K [0x00000000d5580000, 0x00000000d5c00000, 0x0000000100000000)
  eden space 4608K, 0% used [0x00000000d5580000,0x00000000d5580000,0x00000000d5a00000)
  from space 1024K, 71% used [0x00000000d5a00000,0x00000000d5ab8000,0x00000000d5b00000)
  to   space 1024K, 0% used [0x00000000d5b00000,0x00000000d5b00000,0x00000000d5c00000)
 ParOldGen       total 488960K, used 282555K [0x0000000080000000, 0x000000009dd80000, 0x00000000d5580000)
  object space 488960K, 57% used [0x0000000080000000,0x00000000913eed00,0x000000009dd80000)
 Metaspace       used 65182K, committed 66560K, reserved 1114112K
  class space    used 6852K, committed 7488K, reserved 1048576K
}
Event: 80.015 GC heap before
{Heap before GC invocations=617 (full 3):
 PSYoungGen      total 5632K, used 5343K [0x00000000d5580000, 0x00000000d5c00000, 0x0000000100000000)
  eden space 4608K, 99% used [0x00000000d5580000,0x00000000d59ffc50,0x00000000d5a00000)
  from space 1024K, 71% used [0x00000000d5a00000,0x00000000d5ab8000,0x00000000d5b00000)
  to   space 1024K, 0% used [0x00000000d5b00000,0x00000000d5b00000,0x00000000d5c00000)
 ParOldGen       total 488960K, used 282555K [0x0000000080000000, 0x000000009dd80000, 0x00000000d5580000)
  object space 488960K, 57% used [0x0000000080000000,0x00000000913eed00,0x000000009dd80000)
 Metaspace       used 65182K, committed 66560K, reserved 1114112K
  class space    used 6852K, committed 7488K, reserved 1048576K
}
Event: 80.178 GC heap after
{Heap after GC invocations=617 (full 3):
 PSYoungGen      total 5632K, used 824K [0x00000000d5580000, 0x00000000d5c00000, 0x0000000100000000)
  eden space 4608K, 0% used [0x00000000d5580000,0x00000000d5580000,0x00000000d5a00000)
  from space 1024K, 80% used [0x00000000d5b00000,0x00000000d5bce008,0x00000000d5c00000)
  to   space 1024K, 0% used [0x00000000d5a00000,0x00000000d5a00000,0x00000000d5b00000)
 ParOldGen       total 488960K, used 283118K [0x0000000080000000, 0x000000009dd80000, 0x00000000d5580000)
  object space 488960K, 57% used [0x0000000080000000,0x000000009147b920,0x000000009dd80000)
 Metaspace       used 65182K, committed 66560K, reserved 1114112K
  class space    used 6852K, committed 7488K, reserved 1048576K
}

