# JRE version: Java(TM) SE Runtime Environment (24.0+36) (build 24+36-3646)
# Java VM: Java HotSpot(TM) 64-Bit Server VM (24+36-3646, mixed mode, sharing, tiered, compressed oops, compressed class ptrs, g1 gc, windows-amd64)
GC Precious Log:
 CardTable entry size: 512
 Card Set container configuration: InlinePtr #cards 5 size 8 Array Of Cards #cards 10 size 36 Howl #buckets 4 coarsen threshold 1843 Howl Bitmap #cards 512 size 80 coarsen threshold 460 Card regions per heap region 1 cards per card region 2048
 CPUs: 12 total, 12 available
 Memory: 3405M
 Large Page Support: Disabled
 NUMA Support: Disabled
 Compressed Oops: Enabled (32-bit)
 Heap Region Size: 1M
 Heap Min Capacity: 8M
 Heap Initial Capacity: 54M
 Heap Max Capacity: 852M
 Pre-touch: Disabled
 Parallel Workers: 10
 Concurrent Workers: 3
 Concurrent Refinement Workers: 10
 Periodic GC: Disabled
Heap:
 garbage-first heap   total reserved 872448K, committed 172032K, used 156590K [0x00000000cac00000, 0x0000000100000000)
  region size 1024K, 2 young (2048K), 2 survivors (2048K)
 Metaspace       used 84299K, committed 84992K, reserved 1179648K
  class space    used 9366K, committed 9664K, reserved 1048576K
GC Heap History (20 events):
Event: 18.983 GC heap after
{Heap after GC invocations=24 (full 0):
 garbage-first heap   total reserved 872448K, committed 61440K, used 36997K [0x00000000cac00000, 0x0000000100000000)
  region size 1024K, 2 young (2048K), 2 survivors (2048K)
 Metaspace       used 70232K, committed 70720K, reserved 1114112K
  class space    used 7787K, committed 8000K, reserved 1048576K
}
Event: 19.010 GC heap before
{Heap before GC invocations=24 (full 0):
 garbage-first heap   total reserved 872448K, committed 61440K, used 55429K [0x00000000cac00000, 0x0000000100000000)
  region size 1024K, 20 young (20480K), 2 survivors (2048K)
 Metaspace       used 70232K, committed 70720K, reserved 1114112K
  class space    used 7787K, committed 8000K, reserved 1048576K
}
Event: 19.017 GC heap after
{Heap after GC invocations=25 (full 0):
 garbage-first heap   total reserved 872448K, committed 62464K, used 39317K [0x00000000cac00000, 0x0000000100000000)
  region size 1024K, 3 young (3072K), 3 survivors (3072K)
 Metaspace       used 70232K, committed 70720K, reserved 1114112K
  class space    used 7787K, committed 8000K, reserved 1048576K
}
Event: 19.044 GC heap before
{Heap before GC invocations=25 (full 0):
 garbage-first heap   total reserved 872448K, committed 62464K, used 54677K [0x00000000cac00000, 0x0000000100000000)
  region size 1024K, 18 young (18432K), 3 survivors (3072K)
 Metaspace       used 70239K, committed 70784K, reserved 1114112K
  class space    used 7788K, committed 8000K, reserved 1048576K
}
Event: 19.049 GC heap after
{Heap after GC invocations=26 (full 0):
 garbage-first heap   total reserved 872448K, committed 130048K, used 41073K [0x00000000cac00000, 0x0000000100000000)
  region size 1024K, 2 young (2048K), 2 survivors (2048K)
 Metaspace       used 70239K, committed 70784K, reserved 1114112K
  class space    used 7788K, committed 8000K, reserved 1048576K
}
Event: 19.205 GC heap before
{Heap before GC invocations=27 (full 0):
 garbage-first heap   total reserved 872448K, committed 130048K, used 103537K [0x00000000cac00000, 0x0000000100000000)
  region size 1024K, 64 young (65536K), 2 survivors (2048K)
 Metaspace       used 70241K, committed 70784K, reserved 1114112K
  class space    used 7788K, committed 8000K, reserved 1048576K
}
Event: 19.211 GC heap after
{Heap after GC invocations=28 (full 0):
 garbage-first heap   total reserved 872448K, committed 130048K, used 44699K [0x00000000cac00000, 0x0000000100000000)
  region size 1024K, 5 young (5120K), 5 survivors (5120K)
 Metaspace       used 70241K, committed 70784K, reserved 1114112K
  class space    used 7788K, committed 8000K, reserved 1048576K
}
Event: 20.582 GC heap before
{Heap before GC invocations=28 (full 0):
 garbage-first heap   total reserved 872448K, committed 130048K, used 92827K [0x00000000cac00000, 0x0000000100000000)
  region size 1024K, 53 young (54272K), 5 survivors (5120K)
 Metaspace       used 73531K, committed 74112K, reserved 1179648K
  class space    used 8138K, committed 8384K, reserved 1048576K
}
Event: 20.600 GC heap after
{Heap after GC invocations=29 (full 0):
 garbage-first heap   total reserved 872448K, committed 130048K, used 44080K [0x00000000cac00000, 0x0000000100000000)
  region size 1024K, 4 young (4096K), 4 survivors (4096K)
 Metaspace       used 73531K, committed 74112K, reserved 1179648K
  class space    used 8138K, committed 8384K, reserved 1048576K
}
Event: 196.112 GC heap before
{Heap before GC invocations=29 (full 0):
 garbage-first heap   total reserved 872448K, committed 130048K, used 97328K [0x00000000cac00000, 0x0000000100000000)
  region size 1024K, 57 young (58368K), 4 survivors (4096K)
 Metaspace       used 82519K, committed 83200K, reserved 1179648K
  class space    used 9232K, committed 9536K, reserved 1048576K
}
Event: 196.215 GC heap after
{Heap after GC invocations=30 (full 0):
 garbage-first heap   total reserved 872448K, committed 130048K, used 48056K [0x00000000cac00000, 0x0000000100000000)
  region size 1024K, 8 young (8192K), 8 survivors (8192K)
 Metaspace       used 82519K, committed 83200K, reserved 1179648K
  class space    used 9232K, committed 9536K, reserved 1048576K
}
Event: 343.622 GC heap before
{Heap before GC invocations=31 (full 0):
 garbage-first heap   total reserved 872448K, committed 130048K, used 107448K [0x00000000cac00000, 0x0000000100000000)
  region size 1024K, 62 young (63488K), 8 survivors (8192K)
 Metaspace       used 84240K, committed 84992K, reserved 1179648K
  class space    used 9365K, committed 9664K, reserved 1048576K
}
Event: 343.760 GC heap after
{Heap after GC invocations=32 (full 0):
 garbage-first heap   total reserved 872448K, committed 146432K, used 82344K [0x00000000cac00000, 0x0000000100000000)
  region size 1024K, 8 young (8192K), 8 survivors (8192K)
 Metaspace       used 84240K, committed 84992K, reserved 1179648K
  class space    used 9365K, committed 9664K, reserved 1048576K
}
Event: 343.881 GC heap before
{Heap before GC invocations=32 (full 0):
 garbage-first heap   total reserved 872448K, committed 146432K, used 136616K [0x00000000cac00000, 0x0000000100000000)
  region size 1024K, 37 young (37888K), 8 survivors (8192K)
 Metaspace       used 84264K, committed 84992K, reserved 1179648K
  class space    used 9366K, committed 9664K, reserved 1048576K
}
Event: 343.922 GC heap after
{Heap after GC invocations=33 (full 0):
 garbage-first heap   total reserved 872448K, committed 172032K, used 124416K [0x00000000cac00000, 0x0000000100000000)
  region size 1024K, 5 young (5120K), 5 survivors (5120K)
 Metaspace       used 84264K, committed 84992K, reserved 1179648K
  class space    used 9366K, committed 9664K, reserved 1048576K
}
Event: 343.946 GC heap before
{Heap before GC invocations=33 (full 0):
 garbage-first heap   total reserved 872448K, committed 172032K, used 128512K [0x00000000cac00000, 0x0000000100000000)
  region size 1024K, 10 young (10240K), 5 survivors (5120K)
 Metaspace       used 84272K, committed 84992K, reserved 1179648K
  class space    used 9366K, committed 9664K, reserved 1048576K
}
Event: 343.969 GC heap after
{Heap after GC invocations=34 (full 0):
 garbage-first heap   total reserved 872448K, committed 172032K, used 130552K [0x00000000cac00000, 0x0000000100000000)
  region size 1024K, 3 young (3072K), 3 survivors (3072K)
 Metaspace       used 84272K, committed 84992K, reserved 1179648K
  class space    used 9366K, committed 9664K, reserved 1048576K
}
Event: 344.033 GC heap before
{Heap before GC invocations=34 (full 0):
 garbage-first heap   total reserved 872448K, committed 172032K, used 151032K [0x00000000cac00000, 0x0000000100000000)
  region size 1024K, 19 young (19456K), 3 survivors (3072K)
 Metaspace       used 84298K, committed 84992K, reserved 1179648K
  class space    used 9366K, committed 9664K, reserved 1048576K
}
Event: 344.067 GC heap after
{Heap after GC invocations=35 (full 0):
 garbage-first heap   total reserved 872448K, committed 172032K, used 148689K [0x00000000cac00000, 0x0000000100000000)
  region size 1024K, 3 young (3072K), 3 survivors (3072K)
 Metaspace       used 84298K, committed 84992K, reserved 1179648K
  class space    used 9366K, committed 9664K, reserved 1048576K
}
Event: 344.080 GC heap before
{Heap before GC invocations=35 (full 0):
 garbage-first heap   total reserved 872448K, committed 172032K, used 155857K [0x00000000cac00000, 0x0000000100000000)
  region size 1024K, 10 young (10240K), 3 survivors (3072K)
 Metaspace       used 84299K, committed 84992K, reserved 1179648K
  class space    used 9366K, committed 9664K, reserved 1048576K
}

